<?xml version="1.0" encoding="UTF-8"?>
<coverage generated="1549675849604" clover="3.2.0">
  <project timestamp="1549675849604" name="All files">
    <metrics statements="22" coveredstatements="22" conditionals="20" coveredconditionals="20" methods="5" coveredmethods="5" elements="47" coveredelements="47" complexity="0" loc="22" ncloc="22" packages="1" files="2" classes="2"/>
    <file name="arithmetic.js" path="/home/rellikdog/codefellows/401/lab-001/lab-001/arithmetic.js">
      <metrics statements="17" coveredstatements="17" conditionals="18" coveredconditionals="18" methods="4" coveredmethods="4"/>
      <line num="3" count="1" type="stmt"/>
      <line num="5" count="1" type="stmt"/>
      <line num="6" count="2" type="cond" truecount="4" falsecount="0"/>
      <line num="7" count="1" type="stmt"/>
      <line num="9" count="1" type="stmt"/>
      <line num="13" count="1" type="stmt"/>
      <line num="14" count="2" type="cond" truecount="4" falsecount="0"/>
      <line num="15" count="1" type="stmt"/>
      <line num="17" count="1" type="stmt"/>
      <line num="21" count="1" type="stmt"/>
      <line num="22" count="3" type="cond" truecount="4" falsecount="0"/>
      <line num="23" count="1" type="stmt"/>
      <line num="25" count="2" type="stmt"/>
      <line num="29" count="1" type="stmt"/>
      <line num="30" count="2" type="cond" truecount="6" falsecount="0"/>
      <line num="31" count="1" type="stmt"/>
      <line num="33" count="1" type="stmt"/>
    </file>
    <file name="greet.js" path="/home/rellikdog/codefellows/401/lab-001/lab-001/greet.js">
      <metrics statements="5" coveredstatements="5" conditionals="2" coveredconditionals="2" methods="1" coveredmethods="1"/>
      <line num="3" count="1" type="stmt"/>
      <line num="5" count="1" type="stmt"/>
      <line num="6" count="2" type="cond" truecount="2" falsecount="0"/>
      <line num="7" count="1" type="stmt"/>
      <line num="9" count="1" type="stmt"/>
    </file>
  </project>
</coverage>
