{"/home/rellikdog/codefellows/401/lab-001/lab-001/arithmetic.js": {"path":"/home/rellikdog/codefellows/401/lab-001/lab-001/arithmetic.js","statementMap":{"0":{"start":{"line":3,"column":19},"end":{"line":3,"column":38}},"1":{"start":{"line":5,"column":0},"end":{"line":18,"column":2}},"2":{"start":{"line":6,"column":4},"end":{"line":17,"column":5}},"3":{"start":{"line":7,"column":21},"end":{"line":13,"column":13}},"4":{"start":{"line":8,"column":12},"end":{"line":12,"column":13}},"5":{"start":{"line":9,"column":16},"end":{"line":9,"column":34}},"6":{"start":{"line":11,"column":16},"end":{"line":11,"column":27}},"7":{"start":{"line":14,"column":8},"end":{"line":14,"column":22}},"8":{"start":{"line":16,"column":8},"end":{"line":16,"column":20}},"9":{"start":{"line":20,"column":0},"end":{"line":26,"column":2}},"10":{"start":{"line":21,"column":4},"end":{"line":25,"column":5}},"11":{"start":{"line":22,"column":8},"end":{"line":22,"column":21}},"12":{"start":{"line":24,"column":8},"end":{"line":24,"column":20}},"13":{"start":{"line":28,"column":0},"end":{"line":41,"column":2}},"14":{"start":{"line":29,"column":4},"end":{"line":40,"column":5}},"15":{"start":{"line":30,"column":21},"end":{"line":36,"column":13}},"16":{"start":{"line":31,"column":12},"end":{"line":35,"column":13}},"17":{"start":{"line":32,"column":16},"end":{"line":32,"column":39}},"18":{"start":{"line":34,"column":16},"end":{"line":34,"column":27}},"19":{"start":{"line":37,"column":8},"end":{"line":37,"column":22}},"20":{"start":{"line":39,"column":8},"end":{"line":39,"column":20}},"21":{"start":{"line":43,"column":0},"end":{"line":53,"column":2}},"22":{"start":{"line":44,"column":4},"end":{"line":52,"column":5}},"23":{"start":{"line":45,"column":8},"end":{"line":49,"column":9}},"24":{"start":{"line":46,"column":12},"end":{"line":46,"column":25}},"25":{"start":{"line":48,"column":12},"end":{"line":48,"column":43}},"26":{"start":{"line":51,"column":8},"end":{"line":51,"column":20}}},"fnMap":{"0":{"name":"(anonymous_0)","decl":{"start":{"line":5,"column":17},"end":{"line":5,"column":18}},"loc":{"start":{"line":5,"column":26},"end":{"line":18,"column":1}},"line":5},"1":{"name":"(anonymous_1)","decl":{"start":{"line":7,"column":32},"end":{"line":7,"column":33}},"loc":{"start":{"line":7,"column":46},"end":{"line":13,"column":9}},"line":7},"2":{"name":"(anonymous_2)","decl":{"start":{"line":20,"column":22},"end":{"line":20,"column":23}},"loc":{"start":{"line":20,"column":32},"end":{"line":26,"column":1}},"line":20},"3":{"name":"(anonymous_3)","decl":{"start":{"line":28,"column":19},"end":{"line":28,"column":20}},"loc":{"start":{"line":28,"column":28},"end":{"line":41,"column":1}},"line":28},"4":{"name":"(anonymous_4)","decl":{"start":{"line":30,"column":32},"end":{"line":30,"column":33}},"loc":{"start":{"line":30,"column":46},"end":{"line":36,"column":9}},"line":30},"5":{"name":"(anonymous_5)","decl":{"start":{"line":43,"column":20},"end":{"line":43,"column":21}},"loc":{"start":{"line":43,"column":30},"end":{"line":53,"column":1}},"line":43}},"branchMap":{"0":{"loc":{"start":{"line":6,"column":4},"end":{"line":17,"column":5}},"type":"if","locations":[{"start":{"line":6,"column":4},"end":{"line":17,"column":5}},{"start":{"line":6,"column":4},"end":{"line":17,"column":5}}],"line":6},"1":{"loc":{"start":{"line":6,"column":7},"end":{"line":6,"column":44}},"type":"binary-expr","locations":[{"start":{"line":6,"column":8},"end":{"line":6,"column":31}},{"start":{"line":6,"column":37},"end":{"line":6,"column":43}}],"line":6},"2":{"loc":{"start":{"line":8,"column":12},"end":{"line":12,"column":13}},"type":"if","locations":[{"start":{"line":8,"column":12},"end":{"line":12,"column":13}},{"start":{"line":8,"column":12},"end":{"line":12,"column":13}}],"line":8},"3":{"loc":{"start":{"line":21,"column":4},"end":{"line":25,"column":5}},"type":"if","locations":[{"start":{"line":21,"column":4},"end":{"line":25,"column":5}},{"start":{"line":21,"column":4},"end":{"line":25,"column":5}}],"line":21},"4":{"loc":{"start":{"line":21,"column":7},"end":{"line":21,"column":57}},"type":"binary-expr","locations":[{"start":{"line":21,"column":8},"end":{"line":21,"column":29}},{"start":{"line":21,"column":35},"end":{"line":21,"column":56}}],"line":21},"5":{"loc":{"start":{"line":29,"column":4},"end":{"line":40,"column":5}},"type":"if","locations":[{"start":{"line":29,"column":4},"end":{"line":40,"column":5}},{"start":{"line":29,"column":4},"end":{"line":40,"column":5}}],"line":29},"6":{"loc":{"start":{"line":29,"column":7},"end":{"line":29,"column":44}},"type":"binary-expr","locations":[{"start":{"line":29,"column":8},"end":{"line":29,"column":31}},{"start":{"line":29,"column":37},"end":{"line":29,"column":43}}],"line":29},"7":{"loc":{"start":{"line":31,"column":12},"end":{"line":35,"column":13}},"type":"if","locations":[{"start":{"line":31,"column":12},"end":{"line":35,"column":13}},{"start":{"line":31,"column":12},"end":{"line":35,"column":13}}],"line":31},"8":{"loc":{"start":{"line":44,"column":4},"end":{"line":52,"column":5}},"type":"if","locations":[{"start":{"line":44,"column":4},"end":{"line":52,"column":5}},{"start":{"line":44,"column":4},"end":{"line":52,"column":5}}],"line":44},"9":{"loc":{"start":{"line":44,"column":7},"end":{"line":44,"column":57}},"type":"binary-expr","locations":[{"start":{"line":44,"column":8},"end":{"line":44,"column":29}},{"start":{"line":44,"column":35},"end":{"line":44,"column":56}}],"line":44},"10":{"loc":{"start":{"line":45,"column":8},"end":{"line":49,"column":9}},"type":"if","locations":[{"start":{"line":45,"column":8},"end":{"line":49,"column":9}},{"start":{"line":45,"column":8},"end":{"line":49,"column":9}}],"line":45},"11":{"loc":{"start":{"line":45,"column":11},"end":{"line":45,"column":33}},"type":"binary-expr","locations":[{"start":{"line":45,"column":12},"end":{"line":45,"column":19}},{"start":{"line":45,"column":25},"end":{"line":45,"column":32}}],"line":45}},"s":{"0":1,"1":1,"2":2,"3":1,"4":6,"5":3,"6":3,"7":1,"8":1,"9":1,"10":2,"11":1,"12":1,"13":1,"14":3,"15":1,"16":5,"17":3,"18":2,"19":1,"20":2,"21":1,"22":2,"23":2,"24":1,"25":1,"26":0},"f":{"0":2,"1":6,"2":2,"3":3,"4":5,"5":2},"b":{"0":[1,1],"1":[2,1],"2":[3,3],"3":[1,1],"4":[2,2],"5":[1,2],"6":[3,2],"7":[3,2],"8":[2,0],"9":[2,2],"10":[1,1],"11":[2,2]},"_coverageSchema":"43e27e138ebf9cfc5966b082cf9a028302ed4184","hash":"879d6a44fb3225f494adaad4a60c55e83d5cf396"}
,"/home/rellikdog/codefellows/401/lab-001/lab-001/greet.js": {"path":"/home/rellikdog/codefellows/401/lab-001/lab-001/greet.js","statementMap":{"0":{"start":{"line":3,"column":14},"end":{"line":3,"column":33}},"1":{"start":{"line":5,"column":0},"end":{"line":11,"column":2}},"2":{"start":{"line":6,"column":4},"end":{"line":10,"column":5}},"3":{"start":{"line":7,"column":8},"end":{"line":7,"column":31}},"4":{"start":{"line":9,"column":8},"end":{"line":9,"column":20}}},"fnMap":{"0":{"name":"(anonymous_0)","decl":{"start":{"line":5,"column":17},"end":{"line":5,"column":18}},"loc":{"start":{"line":5,"column":27},"end":{"line":11,"column":1}},"line":5}},"branchMap":{"0":{"loc":{"start":{"line":6,"column":4},"end":{"line":10,"column":5}},"type":"if","locations":[{"start":{"line":6,"column":4},"end":{"line":10,"column":5}},{"start":{"line":6,"column":4},"end":{"line":10,"column":5}}],"line":6}},"s":{"0":1,"1":1,"2":2,"3":1,"4":1},"f":{"0":2},"b":{"0":[1,1]},"_coverageSchema":"43e27e138ebf9cfc5966b082cf9a028302ed4184","hash":"36a88306fc8def6e77150e4ccf60304b43adb7cd"}
}
