TN:
SF:/home/rellikdog/codefellows/401/lab-001/lab-001/arithmetic.js
FN:5,(anonymous_0)
FN:13,(anonymous_1)
FN:21,(anonymous_2)
FN:29,(anonymous_3)
FNF:4
FNH:4
FNDA:2,(anonymous_0)
FNDA:2,(anonymous_1)
FNDA:3,(anonymous_2)
FNDA:2,(anonymous_3)
DA:3,1
DA:5,1
DA:6,2
DA:7,1
DA:9,1
DA:13,1
DA:14,2
DA:15,1
DA:17,1
DA:21,1
DA:22,3
DA:23,1
DA:25,2
DA:29,1
DA:30,2
DA:31,1
DA:33,1
LF:17
LH:17
BRDA:6,0,0,1
BRDA:6,0,1,1
BRDA:6,1,0,2
BRDA:6,1,1,2
BRDA:14,2,0,1
BRDA:14,2,1,1
BRDA:14,3,0,2
BRDA:14,3,1,2
BRDA:22,4,0,1
BRDA:22,4,1,2
BRDA:22,5,0,3
BRDA:22,5,1,3
BRDA:30,6,0,1
BRDA:30,6,1,1
BRDA:30,7,0,2
BRDA:30,7,1,2
BRDA:30,7,2,2
BRDA:30,7,3,2
BRF:18
BRH:18
end_of_record
TN:
SF:/home/rellikdog/codefellows/401/lab-001/lab-001/greet.js
FN:5,(anonymous_0)
FNF:1
FNH:1
FNDA:2,(anonymous_0)
DA:3,1
DA:5,1
DA:6,2
DA:7,1
DA:9,1
LF:5
LH:5
BRDA:6,0,0,1
BRDA:6,0,1,1
BRF:2
BRH:2
end_of_record
