TN:
SF:/home/rellikdog/codefellows/401/lab-001/lab-001/arithmetic.js
FN:5,(anonymous_0)
FN:7,(anonymous_1)
FN:20,(anonymous_2)
FN:28,(anonymous_3)
FN:30,(anonymous_4)
FN:43,(anonymous_5)
FNF:6
FNH:6
FNDA:2,(anonymous_0)
FNDA:6,(anonymous_1)
FNDA:2,(anonymous_2)
FNDA:3,(anonymous_3)
FNDA:5,(anonymous_4)
FNDA:2,(anonymous_5)
DA:3,1
DA:5,1
DA:6,2
DA:7,1
DA:8,6
DA:9,3
DA:11,3
DA:14,1
DA:16,1
DA:20,1
DA:21,2
DA:22,1
DA:24,1
DA:28,1
DA:29,3
DA:30,1
DA:31,5
DA:32,3
DA:34,2
DA:37,1
DA:39,2
DA:43,1
DA:44,2
DA:45,2
DA:46,1
DA:48,1
DA:51,0
LF:27
LH:26
BRDA:6,0,0,1
BRDA:6,0,1,1
BRDA:6,1,0,2
BRDA:6,1,1,1
BRDA:8,2,0,3
BRDA:8,2,1,3
BRDA:21,3,0,1
BRDA:21,3,1,1
BRDA:21,4,0,2
BRDA:21,4,1,2
BRDA:29,5,0,1
BRDA:29,5,1,2
BRDA:29,6,0,3
BRDA:29,6,1,2
BRDA:31,7,0,3
BRDA:31,7,1,2
BRDA:44,8,0,2
BRDA:44,8,1,0
BRDA:44,9,0,2
BRDA:44,9,1,2
BRDA:45,10,0,1
BRDA:45,10,1,1
BRDA:45,11,0,2
BRDA:45,11,1,2
BRF:24
BRH:23
end_of_record
TN:
SF:/home/rellikdog/codefellows/401/lab-001/lab-001/greet.js
FN:5,(anonymous_0)
FNF:1
FNH:1
FNDA:2,(anonymous_0)
DA:3,1
DA:5,1
DA:6,2
DA:7,1
DA:9,1
LF:5
LH:5
BRDA:6,0,0,1
BRDA:6,0,1,1
BRF:2
BRH:2
end_of_record
